Active-HDL 9.3.2744.sp1.09.4995  2017-01-26 11:39:57

Elaboration top modules:
Architecture                  logic(spi_master)


-------------------------------------------------------------------------------------------------------
Entity     | Architecture | Library     | Info | Compiler Version                | Compilation Options
-------------------------------------------------------------------------------------------------------
spi_master | logic        | ad7691_vhdl |      | 9.3.2744.sp1.09.4995  (Windows) | -O3
-------------------------------------------------------------------------------------------------------

-------------------------------------------------------------------------------------------------------
VHDL Package              | Library     | Info | Compiler Version                | Compilation Options
-------------------------------------------------------------------------------------------------------
standard                  | std         |      |                                 | 
TEXTIO                    | std         |      | 9.3.2744.sp1.09.4995  (Windows) |  -2008
std_logic_1164            | ieee        |      | 9.3.2744.sp1.09.4995  (Windows) |  -2008
std_logic_arith           | ieee        |      | 9.3.2744.sp1.09.4995  (Windows) | 
STD_LOGIC_UNSIGNED        | ieee        |      | 9.3.2744.sp1.09.4995  (Windows) | 
-------------------------------------------------------------------------------------------------------

-------------------------------------------------------------------------------------------------------
Library                   | Comment
-------------------------------------------------------------------------------------------------------
ad7691_vhdl               | None
ieee                      | Standard IEEE packages library
std                       | Standard VHDL library
-------------------------------------------------------------------------------------------------------
